[2026-07-23] Versi 1.3.2 - Peningkatan Performa & Keandalan
- [Arsitektur] Migrasi sumber gambar SVG: Alih-alih memanggil gambar secara dinamis dari Github Raw (atau Supabase), kini seluruh 51 halaman SVG Surat Pilihan & Juz Amma telah diunduh dan disimpan secara lokal di `/public/svg`. Hal ini menghilangkan risiko limit API, kegagalan muat gambar, dan membuat aplikasi memuat halaman dengan kecepatan instan.

[2026-07-11] Versi 1.3.1 - Penambahan Konten
- [Konten] Menambahkan Surat Ar-Rahman (Surat ke-55) ke dalam daftar Surat Pilihan.

[2026-07-07] Versi 1.3.0 - Fase C (Konfirmasi Khatam & Reset Harian)

FITUR BARU:
- [Fitur] Popup Khatam (Selesai Membaca): Secara otomatis menampilkan popup konfirmasi ketika pengguna mencapai halaman terakhir dari sebuah surat. Popup ini mencegah surat yang sudah khatam ditandai secara keliru sebagai "Lanjutkan membaca".
- [Fitur] Daily Reset History: Memori "Terakhir Dibaca" kini akan di-reset secara otomatis setiap pergantian hari.
- [UI/UX] Indikator Selesai di Beranda: Jika pengguna mengonfirmasi telah selesai membaca sebuah surat, card "Terakhir Dibaca" di beranda akan berubah menjadi "Selesai dibaca hari ini: [Nama Surat]", memberi rasa pencapaian bagi pengguna.

[2026-07-06] Versi 1.2.0 - Fase B (Peningkatan Pengalaman Membaca)

FITUR BARU:
- [Fitur] Mode Landscape (Buku Terbuka): Mushaf sekarang secara otomatis menampilkan 2 halaman berdampingan (seperti buku fisik sesungguhnya) saat dibuka di layar lebar (tablet/desktop, >= 768px). Menggunakan Swiper breakpoints.
- [UI/UX] Kosmetik Spine Shadow: Menambahkan efek bayangan (shadow) halus di lipatan tengah antar dua halaman untuk memberikan ilusi buku tiga dimensi (3D) tanpa mengorbankan performa.
- [Fitur] Dynamic Slider: Slider navigasi dan teks indikator halaman sekarang otomatis beradaptasi saat dalam mode 2 halaman (menampilkan rentang halaman "Hal X - Y" dan melompat 2 halaman sekaligus).

[2026-07-06] Versi 1.1.1 - Fitur Quick Wins (Fase A)

FITUR BARU:
- [Fitur] Halaman Daftar Bookmark: Menambahkan rute baru `/bookmarks` untuk melihat dan mengelola semua halaman yang pernah ditandai, diurutkan dari yang terbaru.
- [Fitur] Page Slider (Jump-to-Page): Mengubah indikator progress statis di Navigation Overlay menjadi slider interaktif (`input range`) agar pengguna bisa melompat ke halaman spesifik secara instan. Terintegrasi mulus dengan Swiper.js.
- [UI/UX] Toast Notifications: Menambahkan komponen Toast global yang memberikan feedback visual ringan (popup "Halaman X ditandai") di bagian bawah layar saat memicu aksi bookmark.
- [UI/UX] Haptic Feedback: Menambahkan micro-interaction getaran (menggunakan Vibration API) di perangkat mobile saat pengguna menekan tombol bookmark atau saat mencoba men-swipe melampaui batas halaman pertama/terakhir.

[2026-06-29] Versi 1.1.0 - Peningkatan Kenyamanan Membaca

FITUR BARU:
- [Fitur] Pinch-to-Zoom: Menambahkan kemampuan mencubit layar (pinch) untuk memperbesar tampilan halaman mushaf. Diimplementasikan menggunakan modul Zoom dari Swiper.js (maksimal zoom 3x).
- [Fitur] Layar Tetap Menyala (Wake Lock): Mengintegrasikan Screen Wake Lock API agar layar perangkat tidak otomatis meredup/mati saat pengguna sedang berada di halaman membaca (MushafViewer).
- [Fitur] Mode Warna Sepia: Menambahkan tema warna ketiga (Sepia) selain Light dan Dark. Mode ini mengubah warna latar menjadi krem kertas tua dan mengaplikasikan filter CSS khusus pada SVG agar lebih nyaman dan ramah untuk mata di ruangan terang maupun redup.

PERBAIKAN & PENYESUAIAN (REFACTOR):
- [UI] Menyesuaikan ikon tombol "Ubah Tema" di halaman utama agar memuat ikon mode Sepia (buku/kertas) selain ikon bulan dan matahari.
- [Konsep] Mengembalikan dan memastikan struktur daftar surat berfokus kuat hanya pada "Surat Pilihan & Juz Amma", menghilangkan kompleksitas list penuh 114 surat agar aplikasi tetap ringan dan sesuai objektif awal.

[2026-06-26] Versi 1.0.1 - Dukungan PWA (Progressive Web App)

FITUR BARU:
- [Fitur] Progressive Web App (PWA): Menambahkan dukungan PWA melalui package `@ducanh2912/next-pwa`. Aplikasi kini dapat di-install secara native ke home screen perangkat (Android/iOS) dan mendukung offline-mode dasar.
- [Aset] Menambahkan konfigurasi `manifest.json` dan ikon set PWA (icon-192x192.png, icon-512x512.png) di dalam folder `/public`.
